<?xml version="1.0" encoding="UTF-8"?>
<testng-results ignored="0" total="14" passed="14" failed="0" skipped="0">
  <reporter-output>
  </reporter-output>
  <suite started-at="2025-09-08T00:46:11 IST" name="SauceDemo Suite" finished-at="2025-09-08T00:47:00 IST" duration-ms="49083">
    <groups>
    </groups>
    <test started-at="2025-09-08T00:46:11 IST" name="SauceDemo Tests" finished-at="2025-09-08T00:47:00 IST" duration-ms="49083">
      <class name="testcases.CartTest">
        <test-method is-config="true" signature="setup()[pri:0, instance:testcases.CartTest@7e6f74c]" started-at="2025-09-08T00:46:52 IST" name="setup" finished-at="2025-09-08T00:46:54 IST" duration-ms="1872" status="PASS">
          <reporter-output>
          </reporter-output>
        </test-method> <!-- setup -->
        <test-method signature="testAddMultipleItems()[pri:0, instance:testcases.CartTest@7e6f74c]" started-at="2025-09-08T00:46:54 IST" name="testAddMultipleItems" finished-at="2025-09-08T00:46:55 IST" duration-ms="359" status="PASS">
          <reporter-output>
          </reporter-output>
        </test-method> <!-- testAddMultipleItems -->
        <test-method is-config="true" signature="tearDown()[pri:0, instance:testcases.CartTest@7e6f74c]" started-at="2025-09-08T00:46:55 IST" name="tearDown" finished-at="2025-09-08T00:46:55 IST" duration-ms="175" status="PASS">
          <reporter-output>
          </reporter-output>
        </test-method> <!-- tearDown -->
        <test-method is-config="true" signature="setup()[pri:0, instance:testcases.CartTest@7e6f74c]" started-at="2025-09-08T00:46:55 IST" name="setup" finished-at="2025-09-08T00:46:58 IST" duration-ms="2941" status="PASS">
          <reporter-output>
          </reporter-output>
        </test-method> <!-- setup -->
        <test-method signature="testAddSingleItem()[pri:0, instance:testcases.CartTest@7e6f74c]" started-at="2025-09-08T00:46:58 IST" name="testAddSingleItem" finished-at="2025-09-08T00:46:58 IST" duration-ms="190" status="PASS">
          <reporter-output>
          </reporter-output>
        </test-method> <!-- testAddSingleItem -->
        <test-method is-config="true" signature="tearDown()[pri:0, instance:testcases.CartTest@7e6f74c]" started-at="2025-09-08T00:46:58 IST" name="tearDown" finished-at="2025-09-08T00:46:58 IST" duration-ms="161" status="PASS">
          <reporter-output>
          </reporter-output>
        </test-method> <!-- tearDown -->
        <test-method is-config="true" signature="setup()[pri:0, instance:testcases.CartTest@7e6f74c]" started-at="2025-09-08T00:46:58 IST" name="setup" finished-at="2025-09-08T00:47:00 IST" duration-ms="1850" status="PASS">
          <reporter-output>
          </reporter-output>
        </test-method> <!-- setup -->
        <test-method signature="testRemoveSingleItem()[pri:0, instance:testcases.CartTest@7e6f74c]" started-at="2025-09-08T00:47:00 IST" name="testRemoveSingleItem" finished-at="2025-09-08T00:47:00 IST" duration-ms="261" status="PASS">
          <reporter-output>
          </reporter-output>
        </test-method> <!-- testRemoveSingleItem -->
        <test-method is-config="true" signature="tearDown()[pri:0, instance:testcases.CartTest@7e6f74c]" started-at="2025-09-08T00:47:00 IST" name="tearDown" finished-at="2025-09-08T00:47:00 IST" duration-ms="179" status="PASS">
          <reporter-output>
          </reporter-output>
        </test-method> <!-- tearDown -->
      </class> <!-- testcases.CartTest -->
      <class name="testcases.DriverFactoryTest">
        <test-method is-config="true" signature="setup()[pri:0, instance:testcases.DriverFactoryTest@14cd1699]" started-at="2025-09-08T00:46:11 IST" name="setup" finished-at="2025-09-08T00:46:15 IST" duration-ms="3743" status="PASS">
          <reporter-output>
          </reporter-output>
        </test-method> <!-- setup -->
        <test-method signature="openSauceDemo()[pri:0, instance:testcases.DriverFactoryTest@14cd1699]" started-at="2025-09-08T00:46:15 IST" name="openSauceDemo" finished-at="2025-09-08T00:46:15 IST" duration-ms="19" status="PASS">
          <reporter-output>
          </reporter-output>
        </test-method> <!-- openSauceDemo -->
        <test-method is-config="true" signature="tearDown()[pri:0, instance:testcases.DriverFactoryTest@14cd1699]" started-at="2025-09-08T00:46:15 IST" name="tearDown" finished-at="2025-09-08T00:46:15 IST" duration-ms="175" status="PASS">
          <reporter-output>
          </reporter-output>
        </test-method> <!-- tearDown -->
      </class> <!-- testcases.DriverFactoryTest -->
      <class name="testcases.SortingTest">
        <test-method is-config="true" signature="setup()[pri:0, instance:testcases.SortingTest@44c03695]" started-at="2025-09-08T00:46:32 IST" name="setup" finished-at="2025-09-08T00:46:35 IST" duration-ms="3069" status="PASS">
          <reporter-output>
          </reporter-output>
        </test-method> <!-- setup -->
        <test-method signature="testSortAZ()[pri:0, instance:testcases.SortingTest@44c03695]" started-at="2025-09-08T00:46:35 IST" name="testSortAZ" finished-at="2025-09-08T00:46:35 IST" duration-ms="185" status="PASS">
          <reporter-output>
          </reporter-output>
        </test-method> <!-- testSortAZ -->
        <test-method is-config="true" signature="tearDown()[pri:0, instance:testcases.SortingTest@44c03695]" started-at="2025-09-08T00:46:35 IST" name="tearDown" finished-at="2025-09-08T00:46:37 IST" duration-ms="2203" status="PASS">
          <reporter-output>
          </reporter-output>
        </test-method> <!-- tearDown -->
        <test-method is-config="true" signature="setup()[pri:0, instance:testcases.SortingTest@44c03695]" started-at="2025-09-08T00:46:37 IST" name="setup" finished-at="2025-09-08T00:46:40 IST" duration-ms="3405" status="PASS">
          <reporter-output>
          </reporter-output>
        </test-method> <!-- setup -->
        <test-method signature="testSortHighToLow()[pri:0, instance:testcases.SortingTest@44c03695]" started-at="2025-09-08T00:46:40 IST" name="testSortHighToLow" finished-at="2025-09-08T00:46:41 IST" duration-ms="194" status="PASS">
          <reporter-output>
          </reporter-output>
        </test-method> <!-- testSortHighToLow -->
        <test-method is-config="true" signature="tearDown()[pri:0, instance:testcases.SortingTest@44c03695]" started-at="2025-09-08T00:46:41 IST" name="tearDown" finished-at="2025-09-08T00:46:43 IST" duration-ms="2166" status="PASS">
          <reporter-output>
          </reporter-output>
        </test-method> <!-- tearDown -->
        <test-method is-config="true" signature="setup()[pri:0, instance:testcases.SortingTest@44c03695]" started-at="2025-09-08T00:46:43 IST" name="setup" finished-at="2025-09-08T00:46:46 IST" duration-ms="2901" status="PASS">
          <reporter-output>
          </reporter-output>
        </test-method> <!-- setup -->
        <test-method signature="testSortLowToHigh()[pri:0, instance:testcases.SortingTest@44c03695]" started-at="2025-09-08T00:46:46 IST" name="testSortLowToHigh" finished-at="2025-09-08T00:46:46 IST" duration-ms="224" status="PASS">
          <reporter-output>
          </reporter-output>
        </test-method> <!-- testSortLowToHigh -->
        <test-method is-config="true" signature="tearDown()[pri:0, instance:testcases.SortingTest@44c03695]" started-at="2025-09-08T00:46:46 IST" name="tearDown" finished-at="2025-09-08T00:46:48 IST" duration-ms="2174" status="PASS">
          <reporter-output>
          </reporter-output>
        </test-method> <!-- tearDown -->
        <test-method is-config="true" signature="setup()[pri:0, instance:testcases.SortingTest@44c03695]" started-at="2025-09-08T00:46:48 IST" name="setup" finished-at="2025-09-08T00:46:50 IST" duration-ms="1756" status="PASS">
          <reporter-output>
          </reporter-output>
        </test-method> <!-- setup -->
        <test-method signature="testSortZA()[pri:0, instance:testcases.SortingTest@44c03695]" started-at="2025-09-08T00:46:50 IST" name="testSortZA" finished-at="2025-09-08T00:46:50 IST" duration-ms="194" status="PASS">
          <reporter-output>
          </reporter-output>
        </test-method> <!-- testSortZA -->
        <test-method is-config="true" signature="tearDown()[pri:0, instance:testcases.SortingTest@44c03695]" started-at="2025-09-08T00:46:50 IST" name="tearDown" finished-at="2025-09-08T00:46:52 IST" duration-ms="2188" status="PASS">
          <reporter-output>
          </reporter-output>
        </test-method> <!-- tearDown -->
      </class> <!-- testcases.SortingTest -->
      <class name="testcases.LoginTest">
        <test-method is-config="true" signature="setup()[pri:0, instance:testcases.LoginTest@6150c3ec]" started-at="2025-09-08T00:46:15 IST" name="setup" finished-at="2025-09-08T00:46:18 IST" duration-ms="2953" status="PASS">
          <reporter-output>
          </reporter-output>
        </test-method> <!-- setup -->
        <test-method signature="testAnotherUserLogin()[pri:0, instance:testcases.LoginTest@6150c3ec]" started-at="2025-09-08T00:46:18 IST" name="testAnotherUserLogin" finished-at="2025-09-08T00:46:19 IST" duration-ms="436" status="PASS">
          <reporter-output>
          </reporter-output>
        </test-method> <!-- testAnotherUserLogin -->
        <test-method is-config="true" signature="tearDown()[pri:0, instance:testcases.LoginTest@6150c3ec]" started-at="2025-09-08T00:46:19 IST" name="tearDown" finished-at="2025-09-08T00:46:19 IST" duration-ms="165" status="PASS">
          <reporter-output>
          </reporter-output>
        </test-method> <!-- tearDown -->
        <test-method is-config="true" signature="setup()[pri:0, instance:testcases.LoginTest@6150c3ec]" started-at="2025-09-08T00:46:19 IST" name="setup" finished-at="2025-09-08T00:46:20 IST" duration-ms="1499" status="PASS">
          <reporter-output>
          </reporter-output>
        </test-method> <!-- setup -->
        <test-method signature="testCorrectUsernameWrongPassword()[pri:0, instance:testcases.LoginTest@6150c3ec]" started-at="2025-09-08T00:46:20 IST" name="testCorrectUsernameWrongPassword" finished-at="2025-09-08T00:46:21 IST" duration-ms="403" status="PASS">
          <reporter-output>
          </reporter-output>
        </test-method> <!-- testCorrectUsernameWrongPassword -->
        <test-method is-config="true" signature="tearDown()[pri:0, instance:testcases.LoginTest@6150c3ec]" started-at="2025-09-08T00:46:21 IST" name="tearDown" finished-at="2025-09-08T00:46:21 IST" duration-ms="164" status="PASS">
          <reporter-output>
          </reporter-output>
        </test-method> <!-- tearDown -->
        <test-method is-config="true" signature="setup()[pri:0, instance:testcases.LoginTest@6150c3ec]" started-at="2025-09-08T00:46:21 IST" name="setup" finished-at="2025-09-08T00:46:23 IST" duration-ms="2512" status="PASS">
          <reporter-output>
          </reporter-output>
        </test-method> <!-- setup -->
        <test-method signature="testInvalidLogin()[pri:0, instance:testcases.LoginTest@6150c3ec]" started-at="2025-09-08T00:46:23 IST" name="testInvalidLogin" finished-at="2025-09-08T00:46:24 IST" duration-ms="400" status="PASS">
          <reporter-output>
          </reporter-output>
        </test-method> <!-- testInvalidLogin -->
        <test-method is-config="true" signature="tearDown()[pri:0, instance:testcases.LoginTest@6150c3ec]" started-at="2025-09-08T00:46:24 IST" name="tearDown" finished-at="2025-09-08T00:46:24 IST" duration-ms="181" status="PASS">
          <reporter-output>
          </reporter-output>
        </test-method> <!-- tearDown -->
        <test-method is-config="true" signature="setup()[pri:0, instance:testcases.LoginTest@6150c3ec]" started-at="2025-09-08T00:46:24 IST" name="setup" finished-at="2025-09-08T00:46:25 IST" duration-ms="1530" status="PASS">
          <reporter-output>
          </reporter-output>
        </test-method> <!-- setup -->
        <test-method signature="testLockedOutUserLogin()[pri:0, instance:testcases.LoginTest@6150c3ec]" started-at="2025-09-08T00:46:25 IST" name="testLockedOutUserLogin" finished-at="2025-09-08T00:46:26 IST" duration-ms="435" status="PASS">
          <reporter-output>
          </reporter-output>
        </test-method> <!-- testLockedOutUserLogin -->
        <test-method is-config="true" signature="tearDown()[pri:0, instance:testcases.LoginTest@6150c3ec]" started-at="2025-09-08T00:46:26 IST" name="tearDown" finished-at="2025-09-08T00:46:26 IST" duration-ms="172" status="PASS">
          <reporter-output>
          </reporter-output>
        </test-method> <!-- tearDown -->
        <test-method is-config="true" signature="setup()[pri:0, instance:testcases.LoginTest@6150c3ec]" started-at="2025-09-08T00:46:26 IST" name="setup" finished-at="2025-09-08T00:46:28 IST" duration-ms="1603" status="PASS">
          <reporter-output>
          </reporter-output>
        </test-method> <!-- setup -->
        <test-method signature="testValidLogin()[pri:0, instance:testcases.LoginTest@6150c3ec]" started-at="2025-09-08T00:46:28 IST" name="testValidLogin" finished-at="2025-09-08T00:46:28 IST" duration-ms="394" status="PASS">
          <reporter-output>
          </reporter-output>
        </test-method> <!-- testValidLogin -->
        <test-method is-config="true" signature="tearDown()[pri:0, instance:testcases.LoginTest@6150c3ec]" started-at="2025-09-08T00:46:28 IST" name="tearDown" finished-at="2025-09-08T00:46:28 IST" duration-ms="183" status="PASS">
          <reporter-output>
          </reporter-output>
        </test-method> <!-- tearDown -->
        <test-method is-config="true" signature="setup()[pri:0, instance:testcases.LoginTest@6150c3ec]" started-at="2025-09-08T00:46:28 IST" name="setup" finished-at="2025-09-08T00:46:31 IST" duration-ms="2639" status="PASS">
          <reporter-output>
          </reporter-output>
        </test-method> <!-- setup -->
        <test-method signature="testWrongUsernameCorrectPassword()[pri:0, instance:testcases.LoginTest@6150c3ec]" started-at="2025-09-08T00:46:31 IST" name="testWrongUsernameCorrectPassword" finished-at="2025-09-08T00:46:31 IST" duration-ms="437" status="PASS">
          <reporter-output>
          </reporter-output>
        </test-method> <!-- testWrongUsernameCorrectPassword -->
        <test-method is-config="true" signature="tearDown()[pri:0, instance:testcases.LoginTest@6150c3ec]" started-at="2025-09-08T00:46:31 IST" name="tearDown" finished-at="2025-09-08T00:46:32 IST" duration-ms="303" status="PASS">
          <reporter-output>
          </reporter-output>
        </test-method> <!-- tearDown -->
      </class> <!-- testcases.LoginTest -->
    </test> <!-- SauceDemo Tests -->
  </suite> <!-- SauceDemo Suite -->
</testng-results>
