<?xml version="1.0" encoding="UTF-8"?>
<!-- Generated by org.testng.reporters.JUnitXMLReporter -->
<testsuite ignored="0" hostname="Rohitvanjarapu" failures="0" tests="14" name="SauceDemo Tests" time="49.083" errors="0" timestamp="2025-09-08T00:47:00 IST">
  <testcase classname="testcases.DriverFactoryTest" name="openSauceDemo" time="0.019"/>
  <testcase classname="testcases.LoginTest" name="testAnotherUserLogin" time="0.436"/>
  <testcase classname="testcases.LoginTest" name="testCorrectUsernameWrongPassword" time="0.403"/>
  <testcase classname="testcases.LoginTest" name="testInvalidLogin" time="0.4"/>
  <testcase classname="testcases.LoginTest" name="testLockedOutUserLogin" time="0.435"/>
  <testcase classname="testcases.LoginTest" name="testValidLogin" time="0.394"/>
  <testcase classname="testcases.LoginTest" name="testWrongUsernameCorrectPassword" time="0.437"/>
  <testcase classname="testcases.SortingTest" name="testSortAZ" time="0.185"/>
  <testcase classname="testcases.SortingTest" name="testSortHighToLow" time="0.194"/>
  <testcase classname="testcases.SortingTest" name="testSortLowToHigh" time="0.224"/>
  <testcase classname="testcases.SortingTest" name="testSortZA" time="0.194"/>
  <testcase classname="testcases.CartTest" name="testAddMultipleItems" time="0.359"/>
  <testcase classname="testcases.CartTest" name="testAddSingleItem" time="0.19"/>
  <testcase classname="testcases.CartTest" name="testRemoveSingleItem" time="0.261"/>
</testsuite> <!-- SauceDemo Tests -->
